{"/Users/hanqizhang/CharlieNews/Charlie-app/App.js": {"path":"/Users/hanqizhang/CharlieNews/Charlie-app/App.js","statementMap":{"0":{"start":{"line":15,"column":15},"end":{"line":15,"column":38}},"1":{"start":{"line":19,"column":28},"end":{"line":23,"column":3}},"2":{"start":{"line":25,"column":23},"end":{"line":55,"column":3}},"3":{"start":{"line":26,"column":4},"end":{"line":54,"column":5}},"4":{"start":{"line":28,"column":8},"end":{"line":32,"column":10}},"5":{"start":{"line":34,"column":8},"end":{"line":39,"column":10}},"6":{"start":{"line":41,"column":8},"end":{"line":46,"column":10}},"7":{"start":{"line":48,"column":7},"end":{"line":53,"column":9}},"8":{"start":{"line":57,"column":33},"end":{"line":57,"column":82}},"9":{"start":{"line":60,"column":22},"end":{"line":87,"column":9}},"10":{"start":{"line":60,"column":43},"end":{"line":87,"column":3}},"11":{"start":{"line":62,"column":6},"end":{"line":66,"column":7}},"12":{"start":{"line":63,"column":8},"end":{"line":63,"column":59}},"13":{"start":{"line":65,"column":8},"end":{"line":65,"column":23}},"14":{"start":{"line":68,"column":6},"end":{"line":68,"column":64}},"15":{"start":{"line":71,"column":6},"end":{"line":75,"column":7}},"16":{"start":{"line":72,"column":8},"end":{"line":72,"column":51}},"17":{"start":{"line":74,"column":8},"end":{"line":74,"column":23}},"18":{"start":{"line":76,"column":6},"end":{"line":76,"column":34}},"19":{"start":{"line":79,"column":6},"end":{"line":83,"column":7}},"20":{"start":{"line":80,"column":8},"end":{"line":80,"column":59}},"21":{"start":{"line":82,"column":8},"end":{"line":82,"column":23}},"22":{"start":{"line":85,"column":6},"end":{"line":85,"column":67}},"23":{"start":{"line":90,"column":2},"end":{"line":101,"column":8}},"24":{"start":{"line":91,"column":4},"end":{"line":100,"column":13}},"25":{"start":{"line":93,"column":6},"end":{"line":93,"column":23}},"26":{"start":{"line":94,"column":6},"end":{"line":98,"column":7}},"27":{"start":{"line":95,"column":8},"end":{"line":95,"column":60}},"28":{"start":{"line":97,"column":8},"end":{"line":97,"column":23}},"29":{"start":{"line":99,"column":6},"end":{"line":99,"column":59}},"30":{"start":{"line":103,"column":2},"end":{"line":109,"column":3}},"31":{"start":{"line":104,"column":4},"end":{"line":108,"column":6}},"32":{"start":{"line":111,"column":2},"end":{"line":128,"column":4}},"33":{"start":{"line":116,"column":54},"end":{"line":116,"column":81}},"34":{"start":{"line":131,"column":15},"end":{"line":138,"column":2}}},"fnMap":{"0":{"name":"App","decl":{"start":{"line":17,"column":24},"end":{"line":17,"column":27}},"loc":{"start":{"line":17,"column":30},"end":{"line":129,"column":1}},"line":17},"1":{"name":"(anonymous_1)","decl":{"start":{"line":25,"column":23},"end":{"line":25,"column":24}},"loc":{"start":{"line":25,"column":46},"end":{"line":55,"column":3}},"line":25},"2":{"name":"(anonymous_2)","decl":{"start":{"line":60,"column":36},"end":{"line":60,"column":37}},"loc":{"start":{"line":60,"column":43},"end":{"line":87,"column":3}},"line":60},"3":{"name":"(anonymous_3)","decl":{"start":{"line":61,"column":12},"end":{"line":61,"column":13}},"loc":{"start":{"line":61,"column":42},"end":{"line":69,"column":5}},"line":61},"4":{"name":"(anonymous_4)","decl":{"start":{"line":70,"column":13},"end":{"line":70,"column":14}},"loc":{"start":{"line":70,"column":24},"end":{"line":77,"column":5}},"line":70},"5":{"name":"(anonymous_5)","decl":{"start":{"line":78,"column":12},"end":{"line":78,"column":13}},"loc":{"start":{"line":78,"column":42},"end":{"line":86,"column":5}},"line":78},"6":{"name":"(anonymous_6)","decl":{"start":{"line":90,"column":12},"end":{"line":90,"column":13}},"loc":{"start":{"line":90,"column":18},"end":{"line":101,"column":3}},"line":90},"7":{"name":"(anonymous_7)","decl":{"start":{"line":91,"column":15},"end":{"line":91,"column":16}},"loc":{"start":{"line":91,"column":26},"end":{"line":100,"column":5}},"line":91},"8":{"name":"(anonymous_8)","decl":{"start":{"line":116,"column":45},"end":{"line":116,"column":46}},"loc":{"start":{"line":116,"column":54},"end":{"line":116,"column":81}},"line":116}},"branchMap":{"0":{"loc":{"start":{"line":26,"column":4},"end":{"line":54,"column":5}},"type":"switch","locations":[{"start":{"line":27,"column":6},"end":{"line":32,"column":10}},{"start":{"line":33,"column":6},"end":{"line":39,"column":10}},{"start":{"line":40,"column":6},"end":{"line":46,"column":10}},{"start":{"line":47,"column":6},"end":{"line":53,"column":9}}],"line":26},"1":{"loc":{"start":{"line":103,"column":2},"end":{"line":109,"column":3}},"type":"if","locations":[{"start":{"line":103,"column":2},"end":{"line":109,"column":3}},{"start":{"line":103,"column":2},"end":{"line":109,"column":3}}],"line":103},"2":{"loc":{"start":{"line":115,"column":11},"end":{"line":123,"column":30}},"type":"cond-expr","locations":[{"start":{"line":116,"column":12},"end":{"line":120,"column":31}},{"start":{"line":123,"column":12},"end":{"line":123,"column":30}}],"line":115}},"s":{"0":1,"1":1,"2":1,"3":0,"4":0,"5":0,"6":0,"7":0,"8":1,"9":1,"10":1,"11":0,"12":0,"13":0,"14":0,"15":0,"16":0,"17":0,"18":0,"19":0,"20":0,"21":0,"22":0,"23":1,"24":1,"25":0,"26":0,"27":0,"28":0,"29":0,"30":1,"31":1,"32":0,"33":0,"34":1},"f":{"0":1,"1":0,"2":1,"3":0,"4":0,"5":0,"6":1,"7":0,"8":0},"b":{"0":[0,0,0,0],"1":[1,0],"2":[0,0]},"_coverageSchema":"1a1c01bbd47fc00a2c39e90264f33305004495a9","hash":"2857e7f3df20aa6c43f891af835cb0badaa53d55"}
,"/Users/hanqizhang/CharlieNews/Charlie-app/components/context.js": {"path":"/Users/hanqizhang/CharlieNews/Charlie-app/components/context.js","statementMap":{"0":{"start":{"line":3,"column":27},"end":{"line":3,"column":48}}},"fnMap":{},"branchMap":{},"s":{"0":4},"f":{},"b":{},"_coverageSchema":"1a1c01bbd47fc00a2c39e90264f33305004495a9","hash":"08cbff1031538110e59932141ef3fe0e96cab91b"}
,"/Users/hanqizhang/CharlieNews/Charlie-app/model/assignment.js": {"path":"/Users/hanqizhang/CharlieNews/Charlie-app/model/assignment.js","statementMap":{"0":{"start":{"line":4,"column":30},"end":{"line":47,"column":1}}},"fnMap":{},"branchMap":{},"s":{"0":3},"f":{},"b":{},"_coverageSchema":"1a1c01bbd47fc00a2c39e90264f33305004495a9","hash":"2dd65d5476d59ce177b51fcfdf7e81cb2b33450e"}
,"/Users/hanqizhang/CharlieNews/Charlie-app/screens/CameraScreen.js": {"path":"/Users/hanqizhang/CharlieNews/Charlie-app/screens/CameraScreen.js","statementMap":{"0":{"start":{"line":9,"column":10},"end":{"line":12,"column":3}},"1":{"start":{"line":15,"column":4},"end":{"line":15,"column":29}},"2":{"start":{"line":18,"column":23},"end":{"line":29,"column":3}},"3":{"start":{"line":20,"column":4},"end":{"line":25,"column":5}},"4":{"start":{"line":21,"column":25},"end":{"line":21,"column":76}},"5":{"start":{"line":22,"column":6},"end":{"line":24,"column":7}},"6":{"start":{"line":23,"column":8},"end":{"line":23,"column":75}},"7":{"start":{"line":27,"column":23},"end":{"line":27,"column":69}},"8":{"start":{"line":28,"column":4},"end":{"line":28,"column":59}},"9":{"start":{"line":31,"column":19},"end":{"line":39,"column":3}},"10":{"start":{"line":32,"column":27},"end":{"line":32,"column":37}},"11":{"start":{"line":34,"column":4},"end":{"line":38,"column":6}},"12":{"start":{"line":41,"column":16},"end":{"line":46,"column":3}},"13":{"start":{"line":42,"column":4},"end":{"line":45,"column":5}},"14":{"start":{"line":43,"column":18},"end":{"line":43,"column":54}},"15":{"start":{"line":48,"column":14},"end":{"line":52,"column":3}},"16":{"start":{"line":49,"column":17},"end":{"line":51,"column":6}},"17":{"start":{"line":56,"column":30},"end":{"line":56,"column":40}},"18":{"start":{"line":57,"column":4},"end":{"line":108,"column":5}},"19":{"start":{"line":58,"column":6},"end":{"line":58,"column":22}},"20":{"start":{"line":59,"column":11},"end":{"line":108,"column":5}},"21":{"start":{"line":60,"column":6},"end":{"line":60,"column":46}},"22":{"start":{"line":62,"column":6},"end":{"line":107,"column":8}},"23":{"start":{"line":64,"column":83},"end":{"line":64,"column":100}},"24":{"start":{"line":72,"column":31},"end":{"line":72,"column":47}},"25":{"start":{"line":84,"column":31},"end":{"line":84,"column":49}},"26":{"start":{"line":97,"column":31},"end":{"line":97,"column":54}}},"fnMap":{"0":{"name":"(anonymous_0)","decl":{"start":{"line":14,"column":2},"end":{"line":14,"column":3}},"loc":{"start":{"line":14,"column":28},"end":{"line":16,"column":3}},"line":14},"1":{"name":"(anonymous_1)","decl":{"start":{"line":18,"column":23},"end":{"line":18,"column":24}},"loc":{"start":{"line":18,"column":35},"end":{"line":29,"column":3}},"line":18},"2":{"name":"(anonymous_2)","decl":{"start":{"line":31,"column":19},"end":{"line":31,"column":20}},"loc":{"start":{"line":31,"column":23},"end":{"line":39,"column":3}},"line":31},"3":{"name":"(anonymous_3)","decl":{"start":{"line":41,"column":16},"end":{"line":41,"column":17}},"loc":{"start":{"line":41,"column":28},"end":{"line":46,"column":3}},"line":41},"4":{"name":"(anonymous_4)","decl":{"start":{"line":48,"column":14},"end":{"line":48,"column":15}},"loc":{"start":{"line":48,"column":26},"end":{"line":52,"column":3}},"line":48},"5":{"name":"(anonymous_5)","decl":{"start":{"line":55,"column":2},"end":{"line":55,"column":3}},"loc":{"start":{"line":55,"column":10},"end":{"line":109,"column":3}},"line":55},"6":{"name":"(anonymous_6)","decl":{"start":{"line":64,"column":75},"end":{"line":64,"column":76}},"loc":{"start":{"line":64,"column":82},"end":{"line":64,"column":101}},"line":64},"7":{"name":"(anonymous_7)","decl":{"start":{"line":72,"column":27},"end":{"line":72,"column":28}},"loc":{"start":{"line":72,"column":31},"end":{"line":72,"column":47}},"line":72},"8":{"name":"(anonymous_8)","decl":{"start":{"line":84,"column":27},"end":{"line":84,"column":28}},"loc":{"start":{"line":84,"column":31},"end":{"line":84,"column":49}},"line":84},"9":{"name":"(anonymous_9)","decl":{"start":{"line":97,"column":27},"end":{"line":97,"column":28}},"loc":{"start":{"line":97,"column":31},"end":{"line":97,"column":54}},"line":97}},"branchMap":{"0":{"loc":{"start":{"line":20,"column":4},"end":{"line":25,"column":5}},"type":"if","locations":[{"start":{"line":20,"column":4},"end":{"line":25,"column":5}},{"start":{"line":20,"column":4},"end":{"line":25,"column":5}}],"line":20},"1":{"loc":{"start":{"line":22,"column":6},"end":{"line":24,"column":7}},"type":"if","locations":[{"start":{"line":22,"column":6},"end":{"line":24,"column":7}},{"start":{"line":22,"column":6},"end":{"line":24,"column":7}}],"line":22},"2":{"loc":{"start":{"line":35,"column":6},"end":{"line":37,"column":34}},"type":"cond-expr","locations":[{"start":{"line":36,"column":8},"end":{"line":36,"column":35}},{"start":{"line":37,"column":8},"end":{"line":37,"column":34}}],"line":35},"3":{"loc":{"start":{"line":42,"column":4},"end":{"line":45,"column":5}},"type":"if","locations":[{"start":{"line":42,"column":4},"end":{"line":45,"column":5}},{"start":{"line":42,"column":4},"end":{"line":45,"column":5}}],"line":42},"4":{"loc":{"start":{"line":57,"column":4},"end":{"line":108,"column":5}},"type":"if","locations":[{"start":{"line":57,"column":4},"end":{"line":108,"column":5}},{"start":{"line":57,"column":4},"end":{"line":108,"column":5}}],"line":57},"5":{"loc":{"start":{"line":59,"column":11},"end":{"line":108,"column":5}},"type":"if","locations":[{"start":{"line":59,"column":11},"end":{"line":108,"column":5}},{"start":{"line":59,"column":11},"end":{"line":108,"column":5}}],"line":59}},"s":{"0":1,"1":1,"2":1,"3":1,"4":1,"5":0,"6":0,"7":0,"8":0,"9":1,"10":0,"11":0,"12":1,"13":0,"14":0,"15":1,"16":0,"17":1,"18":1,"19":1,"20":0,"21":0,"22":0,"23":0,"24":0,"25":0,"26":0},"f":{"0":1,"1":1,"2":0,"3":0,"4":0,"5":1,"6":0,"7":0,"8":0,"9":0},"b":{"0":[1,0],"1":[0,0],"2":[0,0],"3":[0,0],"4":[1,0],"5":[0,0]},"_coverageSchema":"1a1c01bbd47fc00a2c39e90264f33305004495a9","hash":"dfdc570e97d19081c2f45bc8a7d3d204748ed35f"}
,"/Users/hanqizhang/CharlieNews/Charlie-app/screens/DrawerContent.js": {"path":"/Users/hanqizhang/CharlieNews/Charlie-app/screens/DrawerContent.js","statementMap":{"0":{"start":{"line":15,"column":24},"end":{"line":15,"column":53}},"1":{"start":{"line":18,"column":36},"end":{"line":18,"column":54}},"2":{"start":{"line":19,"column":30},"end":{"line":19,"column":48}},"3":{"start":{"line":20,"column":38},"end":{"line":20,"column":56}},"4":{"start":{"line":21,"column":36},"end":{"line":21,"column":54}},"5":{"start":{"line":22,"column":32},"end":{"line":22,"column":50}},"6":{"start":{"line":24,"column":4},"end":{"line":47,"column":11}},"7":{"start":{"line":25,"column":27},"end":{"line":45,"column":7}},"8":{"start":{"line":26,"column":8},"end":{"line":44,"column":9}},"9":{"start":{"line":27,"column":28},"end":{"line":27,"column":67}},"10":{"start":{"line":28,"column":27},"end":{"line":35,"column":10}},"11":{"start":{"line":36,"column":21},"end":{"line":36,"column":42}},"12":{"start":{"line":37,"column":10},"end":{"line":37,"column":37}},"13":{"start":{"line":38,"column":10},"end":{"line":38,"column":31}},"14":{"start":{"line":39,"column":10},"end":{"line":39,"column":43}},"15":{"start":{"line":40,"column":10},"end":{"line":40,"column":45}},"16":{"start":{"line":41,"column":10},"end":{"line":41,"column":33}},"17":{"start":{"line":43,"column":10},"end":{"line":43,"column":31}},"18":{"start":{"line":46,"column":6},"end":{"line":46,"column":21}},"19":{"start":{"line":49,"column":4},"end":{"line":172,"column":6}},"20":{"start":{"line":90,"column":32},"end":{"line":94,"column":34}},"21":{"start":{"line":97,"column":44},"end":{"line":97,"column":77}},"22":{"start":{"line":102,"column":32},"end":{"line":106,"column":34}},"23":{"start":{"line":109,"column":44},"end":{"line":109,"column":77}},"24":{"start":{"line":114,"column":32},"end":{"line":118,"column":34}},"25":{"start":{"line":121,"column":44},"end":{"line":121,"column":76}},"26":{"start":{"line":130,"column":32},"end":{"line":134,"column":34}},"27":{"start":{"line":137,"column":44},"end":{"line":137,"column":86}},"28":{"start":{"line":142,"column":32},"end":{"line":146,"column":34}},"29":{"start":{"line":149,"column":44},"end":{"line":149,"column":86}},"30":{"start":{"line":160,"column":24},"end":{"line":164,"column":26}},"31":{"start":{"line":175,"column":15},"end":{"line":220,"column":2}}},"fnMap":{"0":{"name":"DrawerContent","decl":{"start":{"line":13,"column":16},"end":{"line":13,"column":29}},"loc":{"start":{"line":13,"column":36},"end":{"line":173,"column":1}},"line":13},"1":{"name":"(anonymous_1)","decl":{"start":{"line":24,"column":20},"end":{"line":24,"column":21}},"loc":{"start":{"line":24,"column":26},"end":{"line":47,"column":5}},"line":24},"2":{"name":"(anonymous_2)","decl":{"start":{"line":25,"column":27},"end":{"line":25,"column":28}},"loc":{"start":{"line":25,"column":39},"end":{"line":45,"column":7}},"line":25},"3":{"name":"(anonymous_3)","decl":{"start":{"line":89,"column":34},"end":{"line":89,"column":35}},"loc":{"start":{"line":90,"column":32},"end":{"line":94,"column":34}},"line":90},"4":{"name":"(anonymous_4)","decl":{"start":{"line":97,"column":37},"end":{"line":97,"column":38}},"loc":{"start":{"line":97,"column":43},"end":{"line":97,"column":78}},"line":97},"5":{"name":"(anonymous_5)","decl":{"start":{"line":101,"column":34},"end":{"line":101,"column":35}},"loc":{"start":{"line":102,"column":32},"end":{"line":106,"column":34}},"line":102},"6":{"name":"(anonymous_6)","decl":{"start":{"line":109,"column":37},"end":{"line":109,"column":38}},"loc":{"start":{"line":109,"column":43},"end":{"line":109,"column":78}},"line":109},"7":{"name":"(anonymous_7)","decl":{"start":{"line":113,"column":34},"end":{"line":113,"column":35}},"loc":{"start":{"line":114,"column":32},"end":{"line":118,"column":34}},"line":114},"8":{"name":"(anonymous_8)","decl":{"start":{"line":121,"column":37},"end":{"line":121,"column":38}},"loc":{"start":{"line":121,"column":43},"end":{"line":121,"column":77}},"line":121},"9":{"name":"(anonymous_9)","decl":{"start":{"line":129,"column":34},"end":{"line":129,"column":35}},"loc":{"start":{"line":130,"column":32},"end":{"line":134,"column":34}},"line":130},"10":{"name":"(anonymous_10)","decl":{"start":{"line":137,"column":37},"end":{"line":137,"column":38}},"loc":{"start":{"line":137,"column":43},"end":{"line":137,"column":87}},"line":137},"11":{"name":"(anonymous_11)","decl":{"start":{"line":141,"column":34},"end":{"line":141,"column":35}},"loc":{"start":{"line":142,"column":32},"end":{"line":146,"column":34}},"line":142},"12":{"name":"(anonymous_12)","decl":{"start":{"line":149,"column":37},"end":{"line":149,"column":38}},"loc":{"start":{"line":149,"column":43},"end":{"line":149,"column":87}},"line":149},"13":{"name":"(anonymous_13)","decl":{"start":{"line":159,"column":26},"end":{"line":159,"column":27}},"loc":{"start":{"line":160,"column":24},"end":{"line":164,"column":26}},"line":160}},"branchMap":{"0":{"loc":{"start":{"line":57,"column":29},"end":{"line":66,"column":32}},"type":"cond-expr","locations":[{"start":{"line":58,"column":30},"end":{"line":61,"column":32}},{"start":{"line":63,"column":30},"end":{"line":66,"column":32}}],"line":57}},"s":{"0":0,"1":0,"2":0,"3":0,"4":0,"5":0,"6":0,"7":0,"8":0,"9":0,"10":0,"11":0,"12":0,"13":0,"14":0,"15":0,"16":0,"17":0,"18":0,"19":0,"20":0,"21":0,"22":0,"23":0,"24":0,"25":0,"26":0,"27":0,"28":0,"29":0,"30":0,"31":1},"f":{"0":0,"1":0,"2":0,"3":0,"4":0,"5":0,"6":0,"7":0,"8":0,"9":0,"10":0,"11":0,"12":0,"13":0},"b":{"0":[0,0]},"_coverageSchema":"1a1c01bbd47fc00a2c39e90264f33305004495a9","hash":"ccb513cd910d890410cb2f4732bc5e1f20dd7f02"}
,"/Users/hanqizhang/CharlieNews/Charlie-app/screens/HomeScreen.js": {"path":"/Users/hanqizhang/CharlieNews/Charlie-app/screens/HomeScreen.js","statementMap":{"0":{"start":{"line":9,"column":6},"end":{"line":11,"column":8}},"1":{"start":{"line":15,"column":15},"end":{"line":20,"column":2}}},"fnMap":{"0":{"name":"(anonymous_0)","decl":{"start":{"line":8,"column":4},"end":{"line":8,"column":5}},"loc":{"start":{"line":8,"column":12},"end":{"line":12,"column":5}},"line":8}},"branchMap":{},"s":{"0":2,"1":3},"f":{"0":2},"b":{},"_coverageSchema":"1a1c01bbd47fc00a2c39e90264f33305004495a9","hash":"4a2e1f916bc80f2ba1aafd500dbe6c36fe7eeda9"}
,"/Users/hanqizhang/CharlieNews/Charlie-app/screens/ListItems.js": {"path":"/Users/hanqizhang/CharlieNews/Charlie-app/screens/ListItems.js","statementMap":{"0":{"start":{"line":10,"column":12},"end":{"line":10,"column":25}},"1":{"start":{"line":11,"column":12},"end":{"line":11,"column":35}},"2":{"start":{"line":12,"column":12},"end":{"line":17,"column":13}},"3":{"start":{"line":19,"column":23},"end":{"line":25,"column":9}},"4":{"start":{"line":20,"column":12},"end":{"line":23,"column":15}},"5":{"start":{"line":26,"column":28},"end":{"line":31,"column":9}},"6":{"start":{"line":27,"column":12},"end":{"line":30,"column":15}},"7":{"start":{"line":34,"column":12},"end":{"line":86,"column":14}},"8":{"start":{"line":95,"column":15},"end":{"line":104,"column":2}}},"fnMap":{"0":{"name":"(anonymous_0)","decl":{"start":{"line":9,"column":8},"end":{"line":9,"column":9}},"loc":{"start":{"line":9,"column":27},"end":{"line":18,"column":9}},"line":9},"1":{"name":"(anonymous_1)","decl":{"start":{"line":19,"column":23},"end":{"line":19,"column":24}},"loc":{"start":{"line":19,"column":28},"end":{"line":25,"column":9}},"line":19},"2":{"name":"(anonymous_2)","decl":{"start":{"line":26,"column":28},"end":{"line":26,"column":29}},"loc":{"start":{"line":26,"column":34},"end":{"line":31,"column":9}},"line":26},"3":{"name":"(anonymous_3)","decl":{"start":{"line":33,"column":8},"end":{"line":33,"column":9}},"loc":{"start":{"line":33,"column":17},"end":{"line":87,"column":9}},"line":33}},"branchMap":{"0":{"loc":{"start":{"line":38,"column":46},"end":{"line":39,"column":117}},"type":"cond-expr","locations":[{"start":{"line":39,"column":21},"end":{"line":39,"column":48}},{"start":{"line":39,"column":51},"end":{"line":39,"column":117}}],"line":38},"1":{"loc":{"start":{"line":50,"column":39},"end":{"line":51,"column":115}},"type":"cond-expr","locations":[{"start":{"line":51,"column":18},"end":{"line":51,"column":46}},{"start":{"line":51,"column":49},"end":{"line":51,"column":115}}],"line":50},"2":{"loc":{"start":{"line":64,"column":44},"end":{"line":64,"column":83}},"type":"cond-expr","locations":[{"start":{"line":64,"column":65},"end":{"line":64,"column":72}},{"start":{"line":64,"column":74},"end":{"line":64,"column":83}}],"line":64},"3":{"loc":{"start":{"line":65,"column":32},"end":{"line":65,"column":92}},"type":"cond-expr","locations":[{"start":{"line":65,"column":54},"end":{"line":65,"column":72}},{"start":{"line":65,"column":76},"end":{"line":65,"column":92}}],"line":65},"4":{"loc":{"start":{"line":70,"column":32},"end":{"line":70,"column":98}},"type":"cond-expr","locations":[{"start":{"line":70,"column":54},"end":{"line":70,"column":75}},{"start":{"line":70,"column":79},"end":{"line":70,"column":98}}],"line":70}},"s":{"0":1,"1":1,"2":1,"3":1,"4":0,"5":1,"6":0,"7":1,"8":6},"f":{"0":1,"1":0,"2":0,"3":1},"b":{"0":[1,0],"1":[1,0],"2":[0,1],"3":[0,1],"4":[0,1]},"_coverageSchema":"1a1c01bbd47fc00a2c39e90264f33305004495a9","hash":"8291a3aa421867014c4ed4659cdea55696ed4a55"}
,"/Users/hanqizhang/CharlieNews/Charlie-app/screens/MainTabScreen.js": {"path":"/Users/hanqizhang/CharlieNews/Charlie-app/screens/MainTabScreen.js","statementMap":{"0":{"start":{"line":18,"column":18},"end":{"line":18,"column":40}},"1":{"start":{"line":19,"column":21},"end":{"line":19,"column":43}},"2":{"start":{"line":20,"column":18},"end":{"line":20,"column":40}},"3":{"start":{"line":23,"column":4},"end":{"line":41,"column":6}},"4":{"start":{"line":35,"column":12},"end":{"line":37,"column":26}},"5":{"start":{"line":36,"column":54},"end":{"line":36,"column":78}},"6":{"start":{"line":45,"column":4},"end":{"line":68,"column":6}},"7":{"start":{"line":57,"column":12},"end":{"line":59,"column":26}},"8":{"start":{"line":58,"column":54},"end":{"line":58,"column":78}},"9":{"start":{"line":62,"column":12},"end":{"line":64,"column":26}},"10":{"start":{"line":63,"column":54},"end":{"line":63,"column":78}},"11":{"start":{"line":72,"column":4},"end":{"line":90,"column":6}},"12":{"start":{"line":84,"column":12},"end":{"line":86,"column":26}},"13":{"start":{"line":85,"column":54},"end":{"line":85,"column":78}},"14":{"start":{"line":94,"column":12},"end":{"line":94,"column":38}},"15":{"start":{"line":97,"column":4},"end":{"line":156,"column":6}},"16":{"start":{"line":110,"column":16},"end":{"line":110,"column":80}},"17":{"start":{"line":120,"column":16},"end":{"line":120,"column":85}},"18":{"start":{"line":130,"column":16},"end":{"line":130,"column":87}},"19":{"start":{"line":140,"column":16},"end":{"line":140,"column":79}},"20":{"start":{"line":151,"column":16},"end":{"line":151,"column":68}}},"fnMap":{"0":{"name":"HomeStackScreen","decl":{"start":{"line":22,"column":9},"end":{"line":22,"column":24}},"loc":{"start":{"line":22,"column":38},"end":{"line":42,"column":1}},"line":22},"1":{"name":"(anonymous_1)","decl":{"start":{"line":34,"column":24},"end":{"line":34,"column":25}},"loc":{"start":{"line":35,"column":12},"end":{"line":37,"column":26}},"line":35},"2":{"name":"(anonymous_2)","decl":{"start":{"line":36,"column":47},"end":{"line":36,"column":48}},"loc":{"start":{"line":36,"column":53},"end":{"line":36,"column":79}},"line":36},"3":{"name":"ProfileStackScreen","decl":{"start":{"line":44,"column":9},"end":{"line":44,"column":27}},"loc":{"start":{"line":44,"column":41},"end":{"line":69,"column":1}},"line":44},"4":{"name":"(anonymous_4)","decl":{"start":{"line":56,"column":20},"end":{"line":56,"column":21}},"loc":{"start":{"line":57,"column":12},"end":{"line":59,"column":26}},"line":57},"5":{"name":"(anonymous_5)","decl":{"start":{"line":58,"column":47},"end":{"line":58,"column":48}},"loc":{"start":{"line":58,"column":53},"end":{"line":58,"column":79}},"line":58},"6":{"name":"(anonymous_6)","decl":{"start":{"line":61,"column":21},"end":{"line":61,"column":22}},"loc":{"start":{"line":62,"column":12},"end":{"line":64,"column":26}},"line":62},"7":{"name":"(anonymous_7)","decl":{"start":{"line":63,"column":47},"end":{"line":63,"column":48}},"loc":{"start":{"line":63,"column":53},"end":{"line":63,"column":79}},"line":63},"8":{"name":"NewsStackScreen","decl":{"start":{"line":71,"column":9},"end":{"line":71,"column":24}},"loc":{"start":{"line":71,"column":38},"end":{"line":91,"column":1}},"line":71},"9":{"name":"(anonymous_9)","decl":{"start":{"line":83,"column":20},"end":{"line":83,"column":21}},"loc":{"start":{"line":84,"column":12},"end":{"line":86,"column":26}},"line":84},"10":{"name":"(anonymous_10)","decl":{"start":{"line":85,"column":47},"end":{"line":85,"column":48}},"loc":{"start":{"line":85,"column":53},"end":{"line":85,"column":79}},"line":85},"11":{"name":"MainTabScreen","decl":{"start":{"line":96,"column":9},"end":{"line":96,"column":22}},"loc":{"start":{"line":96,"column":24},"end":{"line":157,"column":1}},"line":96},"12":{"name":"(anonymous_12)","decl":{"start":{"line":109,"column":24},"end":{"line":109,"column":25}},"loc":{"start":{"line":110,"column":16},"end":{"line":110,"column":80}},"line":110},"13":{"name":"(anonymous_13)","decl":{"start":{"line":119,"column":24},"end":{"line":119,"column":25}},"loc":{"start":{"line":120,"column":16},"end":{"line":120,"column":85}},"line":120},"14":{"name":"(anonymous_14)","decl":{"start":{"line":129,"column":24},"end":{"line":129,"column":25}},"loc":{"start":{"line":130,"column":16},"end":{"line":130,"column":87}},"line":130},"15":{"name":"(anonymous_15)","decl":{"start":{"line":139,"column":24},"end":{"line":139,"column":25}},"loc":{"start":{"line":140,"column":16},"end":{"line":140,"column":79}},"line":140},"16":{"name":"(anonymous_16)","decl":{"start":{"line":150,"column":24},"end":{"line":150,"column":25}},"loc":{"start":{"line":151,"column":16},"end":{"line":151,"column":68}},"line":151}},"branchMap":{},"s":{"0":2,"1":2,"2":2,"3":1,"4":1,"5":0,"6":0,"7":0,"8":0,"9":0,"10":0,"11":0,"12":0,"13":0,"14":2,"15":2,"16":2,"17":2,"18":2,"19":2,"20":2},"f":{"0":1,"1":1,"2":0,"3":0,"4":0,"5":0,"6":0,"7":0,"8":0,"9":0,"10":0,"11":2,"12":2,"13":2,"14":2,"15":2,"16":2},"b":{},"_coverageSchema":"1a1c01bbd47fc00a2c39e90264f33305004495a9","hash":"e57968d6457bee58eef2a3f619fe03630c74648c"}
,"/Users/hanqizhang/CharlieNews/Charlie-app/screens/MapScreen.js": {"path":"/Users/hanqizhang/CharlieNews/Charlie-app/screens/MapScreen.js","statementMap":{"0":{"start":{"line":14,"column":6},"end":{"line":14,"column":19}},"1":{"start":{"line":16,"column":6},"end":{"line":19,"column":7}},"2":{"start":{"line":21,"column":6},"end":{"line":21,"column":31}},"3":{"start":{"line":22,"column":6},"end":{"line":22,"column":34}},"4":{"start":{"line":25,"column":24},"end":{"line":42,"column":5}},"5":{"start":{"line":26,"column":23},"end":{"line":26,"column":71}},"6":{"start":{"line":27,"column":6},"end":{"line":29,"column":7}},"7":{"start":{"line":28,"column":8},"end":{"line":28,"column":64}},"8":{"start":{"line":31,"column":21},"end":{"line":31,"column":96}},"9":{"start":{"line":32,"column":19},"end":{"line":37,"column":7}},"10":{"start":{"line":39,"column":6},"end":{"line":41,"column":9}},"11":{"start":{"line":44,"column":27},"end":{"line":59,"column":5}},"12":{"start":{"line":45,"column":22},"end":{"line":45,"column":24}},"13":{"start":{"line":47,"column":6},"end":{"line":54,"column":7}},"14":{"start":{"line":47,"column":18},"end":{"line":47,"column":19}},"15":{"start":{"line":48,"column":20},"end":{"line":50,"column":10}},"16":{"start":{"line":51,"column":21},"end":{"line":51,"column":37}},"17":{"start":{"line":52,"column":8},"end":{"line":52,"column":66}},"18":{"start":{"line":53,"column":8},"end":{"line":53,"column":65}},"19":{"start":{"line":55,"column":6},"end":{"line":57,"column":8}},"20":{"start":{"line":62,"column":20},"end":{"line":62,"column":22}},"21":{"start":{"line":64,"column":6},"end":{"line":91,"column":7}},"22":{"start":{"line":64,"column":18},"end":{"line":64,"column":19}},"23":{"start":{"line":65,"column":8},"end":{"line":90,"column":9}},"24":{"start":{"line":78,"column":29},"end":{"line":78,"column":69}},"25":{"start":{"line":92,"column":6},"end":{"line":106,"column":6}},"26":{"start":{"line":112,"column":15},"end":{"line":171,"column":2}}},"fnMap":{"0":{"name":"(anonymous_0)","decl":{"start":{"line":13,"column":4},"end":{"line":13,"column":5}},"loc":{"start":{"line":13,"column":22},"end":{"line":23,"column":5}},"line":13},"1":{"name":"(anonymous_1)","decl":{"start":{"line":25,"column":24},"end":{"line":25,"column":25}},"loc":{"start":{"line":25,"column":35},"end":{"line":42,"column":5}},"line":25},"2":{"name":"(anonymous_2)","decl":{"start":{"line":44,"column":27},"end":{"line":44,"column":28}},"loc":{"start":{"line":44,"column":38},"end":{"line":59,"column":5}},"line":44},"3":{"name":"(anonymous_3)","decl":{"start":{"line":61,"column":4},"end":{"line":61,"column":5}},"loc":{"start":{"line":61,"column":12},"end":{"line":107,"column":4}},"line":61},"4":{"name":"(anonymous_4)","decl":{"start":{"line":78,"column":23},"end":{"line":78,"column":24}},"loc":{"start":{"line":78,"column":29},"end":{"line":78,"column":69}},"line":78}},"branchMap":{"0":{"loc":{"start":{"line":27,"column":6},"end":{"line":29,"column":7}},"type":"if","locations":[{"start":{"line":27,"column":6},"end":{"line":29,"column":7}},{"start":{"line":27,"column":6},"end":{"line":29,"column":7}}],"line":27}},"s":{"0":1,"1":1,"2":1,"3":1,"4":1,"5":1,"6":0,"7":0,"8":0,"9":0,"10":0,"11":1,"12":1,"13":1,"14":1,"15":1,"16":1,"17":0,"18":0,"19":0,"20":1,"21":1,"22":1,"23":7,"24":0,"25":1,"26":3},"f":{"0":1,"1":1,"2":1,"3":1,"4":0},"b":{"0":[0,0]},"_coverageSchema":"1a1c01bbd47fc00a2c39e90264f33305004495a9","hash":"cc4c6f6f2d0b4fd48f8d47ac470104c54558dc6a"}
,"/Users/hanqizhang/CharlieNews/Charlie-app/screens/NewsScreen.js": {"path":"/Users/hanqizhang/CharlieNews/Charlie-app/screens/NewsScreen.js","statementMap":{"0":{"start":{"line":9,"column":6},"end":{"line":11,"column":8}},"1":{"start":{"line":15,"column":15},"end":{"line":19,"column":2}}},"fnMap":{"0":{"name":"(anonymous_0)","decl":{"start":{"line":8,"column":4},"end":{"line":8,"column":5}},"loc":{"start":{"line":8,"column":12},"end":{"line":12,"column":5}},"line":8}},"branchMap":{},"s":{"0":1,"1":3},"f":{"0":1},"b":{},"_coverageSchema":"1a1c01bbd47fc00a2c39e90264f33305004495a9","hash":"5d72a201755fd56ecb6c537949de4e2b3611a514"}
,"/Users/hanqizhang/CharlieNews/Charlie-app/screens/PostScreen.js": {"path":"/Users/hanqizhang/CharlieNews/Charlie-app/screens/PostScreen.js","statementMap":{"0":{"start":{"line":8,"column":4},"end":{"line":17,"column":5}},"1":{"start":{"line":9,"column":19},"end":{"line":9,"column":83}},"2":{"start":{"line":10,"column":19},"end":{"line":10,"column":37}},"3":{"start":{"line":11,"column":6},"end":{"line":11,"column":19}},"4":{"start":{"line":13,"column":6},"end":{"line":13,"column":32}},"5":{"start":{"line":16,"column":6},"end":{"line":16,"column":16}},"6":{"start":{"line":23,"column":8},"end":{"line":23,"column":21}},"7":{"start":{"line":25,"column":8},"end":{"line":28,"column":9}},"8":{"start":{"line":33,"column":8},"end":{"line":41,"column":9}},"9":{"start":{"line":34,"column":12},"end":{"line":37,"column":15}},"10":{"start":{"line":39,"column":12},"end":{"line":39,"column":31}},"11":{"start":{"line":45,"column":15},"end":{"line":57,"column":5}},"12":{"start":{"line":54,"column":16},"end":{"line":54,"column":48}},"13":{"start":{"line":58,"column":4},"end":{"line":64,"column":6}},"14":{"start":{"line":70,"column":15},"end":{"line":79,"column":2}}},"fnMap":{"0":{"name":"getPosts","decl":{"start":{"line":7,"column":15},"end":{"line":7,"column":23}},"loc":{"start":{"line":7,"column":26},"end":{"line":18,"column":1}},"line":7},"1":{"name":"(anonymous_1)","decl":{"start":{"line":22,"column":4},"end":{"line":22,"column":5}},"loc":{"start":{"line":22,"column":23},"end":{"line":29,"column":5}},"line":22},"2":{"name":"(anonymous_2)","decl":{"start":{"line":31,"column":4},"end":{"line":31,"column":5}},"loc":{"start":{"line":31,"column":24},"end":{"line":42,"column":5}},"line":31},"3":{"name":"(anonymous_3)","decl":{"start":{"line":33,"column":24},"end":{"line":33,"column":25}},"loc":{"start":{"line":33,"column":32},"end":{"line":38,"column":9}},"line":33},"4":{"name":"(anonymous_4)","decl":{"start":{"line":38,"column":11},"end":{"line":38,"column":12}},"loc":{"start":{"line":38,"column":20},"end":{"line":40,"column":9}},"line":38},"5":{"name":"(anonymous_5)","decl":{"start":{"line":43,"column":4},"end":{"line":43,"column":5}},"loc":{"start":{"line":43,"column":12},"end":{"line":65,"column":5}},"line":43},"6":{"name":"(anonymous_6)","decl":{"start":{"line":53,"column":24},"end":{"line":53,"column":25}},"loc":{"start":{"line":53,"column":34},"end":{"line":55,"column":13}},"line":53}},"branchMap":{"0":{"loc":{"start":{"line":45,"column":15},"end":{"line":57,"column":5}},"type":"cond-expr","locations":[{"start":{"line":46,"column":8},"end":{"line":49,"column":15}},{"start":{"line":51,"column":8},"end":{"line":56,"column":10}}],"line":45}},"s":{"0":4,"1":4,"2":4,"3":0,"4":0,"5":4,"6":4,"7":4,"8":4,"9":0,"10":4,"11":4,"12":0,"13":4,"14":5},"f":{"0":4,"1":4,"2":4,"3":0,"4":4,"5":4,"6":0},"b":{"0":[4,0]},"_coverageSchema":"1a1c01bbd47fc00a2c39e90264f33305004495a9","hash":"b4317471c2f501e350e03559f286987eb04e7c7c"}
,"/Users/hanqizhang/CharlieNews/Charlie-app/screens/ProfileScreen.js": {"path":"/Users/hanqizhang/CharlieNews/Charlie-app/screens/ProfileScreen.js","statementMap":{"0":{"start":{"line":8,"column":36},"end":{"line":8,"column":54}},"1":{"start":{"line":9,"column":30},"end":{"line":9,"column":48}},"2":{"start":{"line":10,"column":32},"end":{"line":10,"column":50}},"3":{"start":{"line":11,"column":38},"end":{"line":11,"column":56}},"4":{"start":{"line":12,"column":36},"end":{"line":12,"column":54}},"5":{"start":{"line":13,"column":28},"end":{"line":13,"column":46}},"6":{"start":{"line":15,"column":4},"end":{"line":41,"column":11}},"7":{"start":{"line":16,"column":27},"end":{"line":39,"column":7}},"8":{"start":{"line":17,"column":8},"end":{"line":38,"column":9}},"9":{"start":{"line":18,"column":28},"end":{"line":18,"column":67}},"10":{"start":{"line":19,"column":27},"end":{"line":26,"column":10}},"11":{"start":{"line":27,"column":21},"end":{"line":27,"column":42}},"12":{"start":{"line":29,"column":10},"end":{"line":29,"column":37}},"13":{"start":{"line":30,"column":10},"end":{"line":30,"column":31}},"14":{"start":{"line":31,"column":10},"end":{"line":31,"column":43}},"15":{"start":{"line":32,"column":10},"end":{"line":32,"column":45}},"16":{"start":{"line":33,"column":10},"end":{"line":33,"column":33}},"17":{"start":{"line":34,"column":10},"end":{"line":34,"column":55}},"18":{"start":{"line":37,"column":10},"end":{"line":37,"column":29}},"19":{"start":{"line":40,"column":6},"end":{"line":40,"column":21}},"20":{"start":{"line":43,"column":4},"end":{"line":84,"column":6}},"21":{"start":{"line":89,"column":15},"end":{"line":135,"column":2}}},"fnMap":{"0":{"name":"ProfileScreen","decl":{"start":{"line":7,"column":9},"end":{"line":7,"column":22}},"loc":{"start":{"line":7,"column":37},"end":{"line":85,"column":1}},"line":7},"1":{"name":"(anonymous_1)","decl":{"start":{"line":15,"column":20},"end":{"line":15,"column":21}},"loc":{"start":{"line":15,"column":26},"end":{"line":41,"column":5}},"line":15},"2":{"name":"(anonymous_2)","decl":{"start":{"line":16,"column":27},"end":{"line":16,"column":28}},"loc":{"start":{"line":16,"column":39},"end":{"line":39,"column":7}},"line":16}},"branchMap":{"0":{"loc":{"start":{"line":48,"column":17},"end":{"line":55,"column":27}},"type":"cond-expr","locations":[{"start":{"line":49,"column":20},"end":{"line":51,"column":27}},{"start":{"line":53,"column":20},"end":{"line":55,"column":27}}],"line":48}},"s":{"0":1,"1":1,"2":1,"3":1,"4":1,"5":1,"6":1,"7":1,"8":1,"9":1,"10":1,"11":1,"12":0,"13":0,"14":0,"15":0,"16":0,"17":0,"18":1,"19":1,"20":1,"21":3},"f":{"0":1,"1":1,"2":1},"b":{"0":[1,0]},"_coverageSchema":"1a1c01bbd47fc00a2c39e90264f33305004495a9","hash":"978b1b0c1dd6b299fc6875b049c94c17d3b4f80f"}
,"/Users/hanqizhang/CharlieNews/Charlie-app/screens/RootStackScreen.js": {"path":"/Users/hanqizhang/CharlieNews/Charlie-app/screens/RootStackScreen.js","statementMap":{"0":{"start":{"line":12,"column":18},"end":{"line":12,"column":40}},"1":{"start":{"line":14,"column":24},"end":{"line":20,"column":1}},"2":{"start":{"line":15,"column":6},"end":{"line":19,"column":28}}},"fnMap":{"0":{"name":"(anonymous_0)","decl":{"start":{"line":14,"column":24},"end":{"line":14,"column":25}},"loc":{"start":{"line":15,"column":6},"end":{"line":19,"column":28}},"line":15}},"branchMap":{},"s":{"0":2,"1":2,"2":1},"f":{"0":1},"b":{},"_coverageSchema":"1a1c01bbd47fc00a2c39e90264f33305004495a9","hash":"e7487f7f54b759e5115828f31f0921005d7556c1"}
,"/Users/hanqizhang/CharlieNews/Charlie-app/screens/SettingsScreen.js": {"path":"/Users/hanqizhang/CharlieNews/Charlie-app/screens/SettingsScreen.js","statementMap":{"0":{"start":{"line":6,"column":23},"end":{"line":16,"column":1}},"1":{"start":{"line":7,"column":4},"end":{"line":15,"column":6}},"2":{"start":{"line":12,"column":25},"end":{"line":12,"column":55}},"3":{"start":{"line":20,"column":15},"end":{"line":26,"column":2}}},"fnMap":{"0":{"name":"(anonymous_0)","decl":{"start":{"line":6,"column":23},"end":{"line":6,"column":24}},"loc":{"start":{"line":6,"column":29},"end":{"line":16,"column":1}},"line":6},"1":{"name":"(anonymous_1)","decl":{"start":{"line":12,"column":19},"end":{"line":12,"column":20}},"loc":{"start":{"line":12,"column":25},"end":{"line":12,"column":55}},"line":12}},"branchMap":{},"s":{"0":3,"1":2,"2":1,"3":3},"f":{"0":2,"1":1},"b":{},"_coverageSchema":"1a1c01bbd47fc00a2c39e90264f33305004495a9","hash":"fef5e8d0e1161ee6ebbea8f3e02831f1d49dc575"}
,"/Users/hanqizhang/CharlieNews/Charlie-app/screens/SignInScreen.js": {"path":"/Users/hanqizhang/CharlieNews/Charlie-app/screens/SignInScreen.js","statementMap":{"0":{"start":{"line":10,"column":9},"end":{"line":10,"column":22}},"1":{"start":{"line":12,"column":21},"end":{"line":290,"column":1}},"2":{"start":{"line":14,"column":28},"end":{"line":21,"column":6}},"3":{"start":{"line":23,"column":23},"end":{"line":23,"column":52}},"4":{"start":{"line":26,"column":28},"end":{"line":42,"column":5}},"5":{"start":{"line":27,"column":8},"end":{"line":41,"column":9}},"6":{"start":{"line":28,"column":12},"end":{"line":33,"column":15}},"7":{"start":{"line":35,"column":12},"end":{"line":40,"column":15}},"8":{"start":{"line":45,"column":33},"end":{"line":60,"column":5}},"9":{"start":{"line":46,"column":8},"end":{"line":58,"column":9}},"10":{"start":{"line":47,"column":12},"end":{"line":51,"column":15}},"11":{"start":{"line":53,"column":12},"end":{"line":57,"column":15}},"12":{"start":{"line":63,"column":34},"end":{"line":68,"column":5}},"13":{"start":{"line":64,"column":8},"end":{"line":67,"column":11}},"14":{"start":{"line":71,"column":24},"end":{"line":125,"column":5}},"15":{"start":{"line":74,"column":8},"end":{"line":79,"column":9}},"16":{"start":{"line":75,"column":12},"end":{"line":77,"column":15}},"17":{"start":{"line":78,"column":12},"end":{"line":78,"column":19}},"18":{"start":{"line":80,"column":8},"end":{"line":96,"column":9}},"19":{"start":{"line":81,"column":24},"end":{"line":91,"column":14}},"20":{"start":{"line":92,"column":31},"end":{"line":92,"column":47}},"21":{"start":{"line":93,"column":12},"end":{"line":93,"column":59}},"22":{"start":{"line":95,"column":12},"end":{"line":95,"column":31}},"23":{"start":{"line":98,"column":8},"end":{"line":124,"column":9}},"24":{"start":{"line":99,"column":29},"end":{"line":109,"column":14}},"25":{"start":{"line":110,"column":23},"end":{"line":110,"column":44}},"26":{"start":{"line":112,"column":12},"end":{"line":114,"column":13}},"27":{"start":{"line":113,"column":16},"end":{"line":113,"column":45}},"28":{"start":{"line":116,"column":12},"end":{"line":121,"column":13}},"29":{"start":{"line":117,"column":16},"end":{"line":119,"column":19}},"30":{"start":{"line":120,"column":16},"end":{"line":120,"column":23}},"31":{"start":{"line":123,"column":12},"end":{"line":123,"column":31}},"32":{"start":{"line":127,"column":4},"end":{"line":289,"column":6}},"33":{"start":{"line":155,"column":47},"end":{"line":155,"column":67}},"34":{"start":{"line":190,"column":47},"end":{"line":190,"column":72}},"35":{"start":{"line":218,"column":48},"end":{"line":218,"column":81}},"36":{"start":{"line":228,"column":40},"end":{"line":228,"column":81}},"37":{"start":{"line":242,"column":39},"end":{"line":242,"column":74}},"38":{"start":{"line":294,"column":15},"end":{"line":373,"column":4}}},"fnMap":{"0":{"name":"(anonymous_0)","decl":{"start":{"line":12,"column":21},"end":{"line":12,"column":22}},"loc":{"start":{"line":12,"column":39},"end":{"line":290,"column":1}},"line":12},"1":{"name":"(anonymous_1)","decl":{"start":{"line":26,"column":28},"end":{"line":26,"column":29}},"loc":{"start":{"line":26,"column":37},"end":{"line":42,"column":5}},"line":26},"2":{"name":"(anonymous_2)","decl":{"start":{"line":45,"column":33},"end":{"line":45,"column":34}},"loc":{"start":{"line":45,"column":42},"end":{"line":60,"column":5}},"line":45},"3":{"name":"(anonymous_3)","decl":{"start":{"line":63,"column":34},"end":{"line":63,"column":35}},"loc":{"start":{"line":63,"column":40},"end":{"line":68,"column":5}},"line":63},"4":{"name":"(anonymous_4)","decl":{"start":{"line":71,"column":24},"end":{"line":71,"column":25}},"loc":{"start":{"line":71,"column":53},"end":{"line":125,"column":5}},"line":71},"5":{"name":"(anonymous_5)","decl":{"start":{"line":155,"column":38},"end":{"line":155,"column":39}},"loc":{"start":{"line":155,"column":47},"end":{"line":155,"column":67}},"line":155},"6":{"name":"(anonymous_6)","decl":{"start":{"line":190,"column":38},"end":{"line":190,"column":39}},"loc":{"start":{"line":190,"column":47},"end":{"line":190,"column":72}},"line":190},"7":{"name":"(anonymous_7)","decl":{"start":{"line":218,"column":43},"end":{"line":218,"column":44}},"loc":{"start":{"line":218,"column":47},"end":{"line":218,"column":82}},"line":218},"8":{"name":"(anonymous_8)","decl":{"start":{"line":228,"column":33},"end":{"line":228,"column":34}},"loc":{"start":{"line":228,"column":39},"end":{"line":228,"column":82}},"line":228},"9":{"name":"(anonymous_9)","decl":{"start":{"line":242,"column":33},"end":{"line":242,"column":34}},"loc":{"start":{"line":242,"column":39},"end":{"line":242,"column":74}},"line":242}},"branchMap":{"0":{"loc":{"start":{"line":27,"column":8},"end":{"line":41,"column":9}},"type":"if","locations":[{"start":{"line":27,"column":8},"end":{"line":41,"column":9}},{"start":{"line":27,"column":8},"end":{"line":41,"column":9}}],"line":27},"1":{"loc":{"start":{"line":46,"column":8},"end":{"line":58,"column":9}},"type":"if","locations":[{"start":{"line":46,"column":8},"end":{"line":58,"column":9}},{"start":{"line":46,"column":8},"end":{"line":58,"column":9}}],"line":46},"2":{"loc":{"start":{"line":74,"column":8},"end":{"line":79,"column":9}},"type":"if","locations":[{"start":{"line":74,"column":8},"end":{"line":79,"column":9}},{"start":{"line":74,"column":8},"end":{"line":79,"column":9}}],"line":74},"3":{"loc":{"start":{"line":74,"column":11},"end":{"line":74,"column":57}},"type":"binary-expr","locations":[{"start":{"line":74,"column":11},"end":{"line":74,"column":32}},{"start":{"line":74,"column":36},"end":{"line":74,"column":57}}],"line":74},"4":{"loc":{"start":{"line":112,"column":12},"end":{"line":114,"column":13}},"type":"if","locations":[{"start":{"line":112,"column":12},"end":{"line":114,"column":13}},{"start":{"line":112,"column":12},"end":{"line":114,"column":13}}],"line":112},"5":{"loc":{"start":{"line":116,"column":12},"end":{"line":121,"column":13}},"type":"if","locations":[{"start":{"line":116,"column":12},"end":{"line":121,"column":13}},{"start":{"line":116,"column":12},"end":{"line":121,"column":13}}],"line":116},"6":{"loc":{"start":{"line":157,"column":21},"end":{"line":167,"column":26}},"type":"cond-expr","locations":[{"start":{"line":158,"column":20},"end":{"line":166,"column":38}},{"start":{"line":167,"column":22},"end":{"line":167,"column":26}}],"line":157},"7":{"loc":{"start":{"line":170,"column":17},"end":{"line":173,"column":38}},"type":"cond-expr","locations":[{"start":{"line":170,"column":36},"end":{"line":170,"column":40}},{"start":{"line":171,"column":20},"end":{"line":173,"column":38}}],"line":170},"8":{"loc":{"start":{"line":187,"column":41},"end":{"line":187,"column":76}},"type":"cond-expr","locations":[{"start":{"line":187,"column":64},"end":{"line":187,"column":68}},{"start":{"line":187,"column":71},"end":{"line":187,"column":76}}],"line":187},"9":{"loc":{"start":{"line":195,"column":25},"end":{"line":206,"column":30}},"type":"cond-expr","locations":[{"start":{"line":196,"column":28},"end":{"line":200,"column":30}},{"start":{"line":202,"column":28},"end":{"line":206,"column":30}}],"line":195},"10":{"loc":{"start":{"line":211,"column":17},"end":{"line":214,"column":34}},"type":"cond-expr","locations":[{"start":{"line":211,"column":40},"end":{"line":211,"column":44}},{"start":{"line":212,"column":16},"end":{"line":214,"column":34}}],"line":211},"11":{"loc":{"start":{"line":338,"column":19},"end":{"line":338,"column":50}},"type":"cond-expr","locations":[{"start":{"line":338,"column":43},"end":{"line":338,"column":44}},{"start":{"line":338,"column":47},"end":{"line":338,"column":50}}],"line":338}},"s":{"0":3,"1":3,"2":1,"3":1,"4":0,"5":0,"6":0,"7":0,"8":0,"9":0,"10":0,"11":0,"12":0,"13":0,"14":0,"15":0,"16":0,"17":0,"18":0,"19":0,"20":0,"21":0,"22":0,"23":0,"24":0,"25":0,"26":0,"27":0,"28":0,"29":0,"30":0,"31":0,"32":0,"33":0,"34":0,"35":0,"36":0,"37":0,"38":3},"f":{"0":1,"1":0,"2":0,"3":0,"4":0,"5":0,"6":0,"7":0,"8":0,"9":0},"b":{"0":[0,0],"1":[0,0],"2":[0,0],"3":[0,0],"4":[0,0],"5":[0,0],"6":[0,0],"7":[0,0],"8":[0,0],"9":[0,0],"10":[0,0],"11":[3,0]},"_coverageSchema":"1a1c01bbd47fc00a2c39e90264f33305004495a9","hash":"a7bb105b934594225cc168ebd8a95e67a2ee8aad"}
,"/Users/hanqizhang/CharlieNews/Charlie-app/screens/SignUpScreen.js": {"path":"/Users/hanqizhang/CharlieNews/Charlie-app/screens/SignUpScreen.js","statementMap":{"0":{"start":{"line":21,"column":9},"end":{"line":21,"column":22}},"1":{"start":{"line":23,"column":21},"end":{"line":412,"column":1}},"2":{"start":{"line":25,"column":44},"end":{"line":25,"column":62}},"3":{"start":{"line":26,"column":42},"end":{"line":26,"column":60}},"4":{"start":{"line":27,"column":28},"end":{"line":38,"column":6}},"5":{"start":{"line":39,"column":23},"end":{"line":39,"column":52}},"6":{"start":{"line":41,"column":4},"end":{"line":63,"column":9}},"7":{"start":{"line":43,"column":33},"end":{"line":61,"column":9}},"8":{"start":{"line":44,"column":12},"end":{"line":60,"column":13}},"9":{"start":{"line":45,"column":28},"end":{"line":55,"column":18}},"10":{"start":{"line":56,"column":35},"end":{"line":56,"column":51}},"11":{"start":{"line":57,"column":16},"end":{"line":57,"column":64}},"12":{"start":{"line":59,"column":16},"end":{"line":59,"column":35}},"13":{"start":{"line":62,"column":8},"end":{"line":62,"column":27}},"14":{"start":{"line":65,"column":28},"end":{"line":81,"column":5}},"15":{"start":{"line":66,"column":8},"end":{"line":80,"column":9}},"16":{"start":{"line":67,"column":12},"end":{"line":72,"column":15}},"17":{"start":{"line":74,"column":12},"end":{"line":79,"column":15}},"18":{"start":{"line":83,"column":29},"end":{"line":97,"column":5}},"19":{"start":{"line":84,"column":8},"end":{"line":96,"column":9}},"20":{"start":{"line":85,"column":12},"end":{"line":89,"column":15}},"21":{"start":{"line":91,"column":12},"end":{"line":95,"column":15}},"22":{"start":{"line":99,"column":33},"end":{"line":113,"column":5}},"23":{"start":{"line":100,"column":8},"end":{"line":112,"column":9}},"24":{"start":{"line":101,"column":12},"end":{"line":105,"column":15}},"25":{"start":{"line":107,"column":12},"end":{"line":111,"column":15}},"26":{"start":{"line":115,"column":40},"end":{"line":120,"column":5}},"27":{"start":{"line":116,"column":8},"end":{"line":119,"column":11}},"28":{"start":{"line":122,"column":34},"end":{"line":127,"column":5}},"29":{"start":{"line":123,"column":8},"end":{"line":126,"column":11}},"30":{"start":{"line":129,"column":41},"end":{"line":134,"column":5}},"31":{"start":{"line":130,"column":8},"end":{"line":133,"column":11}},"32":{"start":{"line":136,"column":25},"end":{"line":199,"column":5}},"33":{"start":{"line":137,"column":8},"end":{"line":142,"column":9}},"34":{"start":{"line":138,"column":12},"end":{"line":140,"column":15}},"35":{"start":{"line":141,"column":12},"end":{"line":141,"column":19}},"36":{"start":{"line":145,"column":8},"end":{"line":158,"column":9}},"37":{"start":{"line":146,"column":29},"end":{"line":153,"column":12}},"38":{"start":{"line":154,"column":23},"end":{"line":154,"column":44}},"39":{"start":{"line":155,"column":12},"end":{"line":155,"column":44}},"40":{"start":{"line":157,"column":12},"end":{"line":157,"column":33}},"41":{"start":{"line":160,"column":8},"end":{"line":197,"column":9}},"42":{"start":{"line":161,"column":12},"end":{"line":163,"column":15}},"43":{"start":{"line":164,"column":12},"end":{"line":164,"column":19}},"44":{"start":{"line":166,"column":12},"end":{"line":181,"column":13}},"45":{"start":{"line":167,"column":16},"end":{"line":178,"column":19}},"46":{"start":{"line":180,"column":16},"end":{"line":180,"column":37}},"47":{"start":{"line":183,"column":29},"end":{"line":193,"column":14}},"48":{"start":{"line":194,"column":23},"end":{"line":194,"column":44}},"49":{"start":{"line":195,"column":12},"end":{"line":195,"column":36}},"50":{"start":{"line":196,"column":12},"end":{"line":196,"column":41}},"51":{"start":{"line":201,"column":4},"end":{"line":411,"column":6}},"52":{"start":{"line":224,"column":47},"end":{"line":224,"column":68}},"53":{"start":{"line":251,"column":47},"end":{"line":251,"column":67}},"54":{"start":{"line":285,"column":47},"end":{"line":285,"column":72}},"55":{"start":{"line":327,"column":47},"end":{"line":327,"column":79}},"56":{"start":{"line":351,"column":40},"end":{"line":351,"column":117}},"57":{"start":{"line":365,"column":39},"end":{"line":365,"column":74}},"58":{"start":{"line":416,"column":15},"end":{"line":495,"column":4}}},"fnMap":{"0":{"name":"(anonymous_0)","decl":{"start":{"line":23,"column":21},"end":{"line":23,"column":22}},"loc":{"start":{"line":23,"column":39},"end":{"line":412,"column":1}},"line":23},"1":{"name":"(anonymous_1)","decl":{"start":{"line":41,"column":20},"end":{"line":41,"column":21}},"loc":{"start":{"line":41,"column":26},"end":{"line":63,"column":7}},"line":41},"2":{"name":"(anonymous_2)","decl":{"start":{"line":43,"column":33},"end":{"line":43,"column":34}},"loc":{"start":{"line":43,"column":45},"end":{"line":61,"column":9}},"line":43},"3":{"name":"(anonymous_3)","decl":{"start":{"line":65,"column":28},"end":{"line":65,"column":29}},"loc":{"start":{"line":65,"column":37},"end":{"line":81,"column":5}},"line":65},"4":{"name":"(anonymous_4)","decl":{"start":{"line":83,"column":29},"end":{"line":83,"column":30}},"loc":{"start":{"line":83,"column":38},"end":{"line":97,"column":5}},"line":83},"5":{"name":"(anonymous_5)","decl":{"start":{"line":99,"column":33},"end":{"line":99,"column":34}},"loc":{"start":{"line":99,"column":42},"end":{"line":113,"column":5}},"line":99},"6":{"name":"(anonymous_6)","decl":{"start":{"line":115,"column":40},"end":{"line":115,"column":41}},"loc":{"start":{"line":115,"column":49},"end":{"line":120,"column":5}},"line":115},"7":{"name":"(anonymous_7)","decl":{"start":{"line":122,"column":34},"end":{"line":122,"column":35}},"loc":{"start":{"line":122,"column":40},"end":{"line":127,"column":5}},"line":122},"8":{"name":"(anonymous_8)","decl":{"start":{"line":129,"column":41},"end":{"line":129,"column":42}},"loc":{"start":{"line":129,"column":47},"end":{"line":134,"column":5}},"line":129},"9":{"name":"(anonymous_9)","decl":{"start":{"line":136,"column":25},"end":{"line":136,"column":26}},"loc":{"start":{"line":136,"column":79},"end":{"line":199,"column":5}},"line":136},"10":{"name":"(anonymous_10)","decl":{"start":{"line":224,"column":38},"end":{"line":224,"column":39}},"loc":{"start":{"line":224,"column":47},"end":{"line":224,"column":68}},"line":224},"11":{"name":"(anonymous_11)","decl":{"start":{"line":251,"column":38},"end":{"line":251,"column":39}},"loc":{"start":{"line":251,"column":47},"end":{"line":251,"column":67}},"line":251},"12":{"name":"(anonymous_12)","decl":{"start":{"line":285,"column":38},"end":{"line":285,"column":39}},"loc":{"start":{"line":285,"column":47},"end":{"line":285,"column":72}},"line":285},"13":{"name":"(anonymous_13)","decl":{"start":{"line":327,"column":38},"end":{"line":327,"column":39}},"loc":{"start":{"line":327,"column":47},"end":{"line":327,"column":79}},"line":327},"14":{"name":"(anonymous_14)","decl":{"start":{"line":351,"column":33},"end":{"line":351,"column":34}},"loc":{"start":{"line":351,"column":39},"end":{"line":351,"column":118}},"line":351},"15":{"name":"(anonymous_15)","decl":{"start":{"line":365,"column":33},"end":{"line":365,"column":34}},"loc":{"start":{"line":365,"column":39},"end":{"line":365,"column":74}},"line":365}},"branchMap":{"0":{"loc":{"start":{"line":66,"column":8},"end":{"line":80,"column":9}},"type":"if","locations":[{"start":{"line":66,"column":8},"end":{"line":80,"column":9}},{"start":{"line":66,"column":8},"end":{"line":80,"column":9}}],"line":66},"1":{"loc":{"start":{"line":84,"column":8},"end":{"line":96,"column":9}},"type":"if","locations":[{"start":{"line":84,"column":8},"end":{"line":96,"column":9}},{"start":{"line":84,"column":8},"end":{"line":96,"column":9}}],"line":84},"2":{"loc":{"start":{"line":100,"column":8},"end":{"line":112,"column":9}},"type":"if","locations":[{"start":{"line":100,"column":8},"end":{"line":112,"column":9}},{"start":{"line":100,"column":8},"end":{"line":112,"column":9}}],"line":100},"3":{"loc":{"start":{"line":137,"column":8},"end":{"line":142,"column":9}},"type":"if","locations":[{"start":{"line":137,"column":8},"end":{"line":142,"column":9}},{"start":{"line":137,"column":8},"end":{"line":142,"column":9}}],"line":137},"4":{"loc":{"start":{"line":160,"column":8},"end":{"line":197,"column":9}},"type":"if","locations":[{"start":{"line":160,"column":8},"end":{"line":197,"column":9}},{"start":{"line":160,"column":8},"end":{"line":197,"column":9}}],"line":160},"5":{"loc":{"start":{"line":226,"column":21},"end":{"line":236,"column":26}},"type":"cond-expr","locations":[{"start":{"line":227,"column":20},"end":{"line":235,"column":38}},{"start":{"line":236,"column":22},"end":{"line":236,"column":26}}],"line":226},"6":{"loc":{"start":{"line":253,"column":21},"end":{"line":263,"column":26}},"type":"cond-expr","locations":[{"start":{"line":254,"column":20},"end":{"line":262,"column":38}},{"start":{"line":263,"column":22},"end":{"line":263,"column":26}}],"line":253},"7":{"loc":{"start":{"line":266,"column":17},"end":{"line":269,"column":38}},"type":"cond-expr","locations":[{"start":{"line":266,"column":36},"end":{"line":266,"column":40}},{"start":{"line":267,"column":20},"end":{"line":269,"column":38}}],"line":266},"8":{"loc":{"start":{"line":282,"column":41},"end":{"line":282,"column":76}},"type":"cond-expr","locations":[{"start":{"line":282,"column":64},"end":{"line":282,"column":68}},{"start":{"line":282,"column":71},"end":{"line":282,"column":76}}],"line":282},"9":{"loc":{"start":{"line":290,"column":25},"end":{"line":301,"column":30}},"type":"cond-expr","locations":[{"start":{"line":291,"column":28},"end":{"line":295,"column":30}},{"start":{"line":297,"column":28},"end":{"line":301,"column":30}}],"line":290},"10":{"loc":{"start":{"line":306,"column":17},"end":{"line":309,"column":34}},"type":"cond-expr","locations":[{"start":{"line":306,"column":40},"end":{"line":306,"column":44}},{"start":{"line":307,"column":16},"end":{"line":309,"column":34}}],"line":306},"11":{"loc":{"start":{"line":324,"column":41},"end":{"line":324,"column":76}},"type":"cond-expr","locations":[{"start":{"line":324,"column":64},"end":{"line":324,"column":68}},{"start":{"line":324,"column":71},"end":{"line":324,"column":76}}],"line":324},"12":{"loc":{"start":{"line":332,"column":25},"end":{"line":343,"column":30}},"type":"cond-expr","locations":[{"start":{"line":333,"column":28},"end":{"line":337,"column":30}},{"start":{"line":339,"column":28},"end":{"line":343,"column":30}}],"line":332},"13":{"loc":{"start":{"line":460,"column":19},"end":{"line":460,"column":50}},"type":"cond-expr","locations":[{"start":{"line":460,"column":43},"end":{"line":460,"column":44}},{"start":{"line":460,"column":47},"end":{"line":460,"column":50}}],"line":460}},"s":{"0":3,"1":3,"2":1,"3":1,"4":1,"5":1,"6":0,"7":0,"8":0,"9":0,"10":0,"11":0,"12":0,"13":0,"14":0,"15":0,"16":0,"17":0,"18":0,"19":0,"20":0,"21":0,"22":0,"23":0,"24":0,"25":0,"26":0,"27":0,"28":0,"29":0,"30":0,"31":0,"32":0,"33":0,"34":0,"35":0,"36":0,"37":0,"38":0,"39":0,"40":0,"41":0,"42":0,"43":0,"44":0,"45":0,"46":0,"47":0,"48":0,"49":0,"50":0,"51":0,"52":0,"53":0,"54":0,"55":0,"56":0,"57":0,"58":3},"f":{"0":1,"1":0,"2":0,"3":0,"4":0,"5":0,"6":0,"7":0,"8":0,"9":0,"10":0,"11":0,"12":0,"13":0,"14":0,"15":0},"b":{"0":[0,0],"1":[0,0],"2":[0,0],"3":[0,0],"4":[0,0],"5":[0,0],"6":[0,0],"7":[0,0],"8":[0,0],"9":[0,0],"10":[0,0],"11":[0,0],"12":[0,0],"13":[3,0]},"_coverageSchema":"1a1c01bbd47fc00a2c39e90264f33305004495a9","hash":"049284a97235ef0674287223754ab96558787cbe"}
,"/Users/hanqizhang/CharlieNews/Charlie-app/screens/SplashScreen.js": {"path":"/Users/hanqizhang/CharlieNews/Charlie-app/screens/SplashScreen.js","statementMap":{"0":{"start":{"line":15,"column":21},"end":{"line":51,"column":1}},"1":{"start":{"line":16,"column":4},"end":{"line":50,"column":6}},"2":{"start":{"line":34,"column":52},"end":{"line":34,"column":87}},"3":{"start":{"line":55,"column":17},"end":{"line":55,"column":41}},"4":{"start":{"line":56,"column":20},"end":{"line":56,"column":33}},"5":{"start":{"line":58,"column":15},"end":{"line":105,"column":2}}},"fnMap":{"0":{"name":"(anonymous_0)","decl":{"start":{"line":15,"column":21},"end":{"line":15,"column":22}},"loc":{"start":{"line":15,"column":39},"end":{"line":51,"column":1}},"line":15},"1":{"name":"(anonymous_1)","decl":{"start":{"line":34,"column":47},"end":{"line":34,"column":48}},"loc":{"start":{"line":34,"column":52},"end":{"line":34,"column":87}},"line":34}},"branchMap":{},"s":{"0":4,"1":3,"2":1,"3":4,"4":4,"5":4},"f":{"0":3,"1":1},"b":{},"_coverageSchema":"1a1c01bbd47fc00a2c39e90264f33305004495a9","hash":"061d912178f770599ebebfe6ebd20729206f5378"}
,"/Users/hanqizhang/CharlieNews/Charlie-app/screens/SupportScreen.js": {"path":"/Users/hanqizhang/CharlieNews/Charlie-app/screens/SupportScreen.js","statementMap":{"0":{"start":{"line":7,"column":22},"end":{"line":17,"column":1}},"1":{"start":{"line":8,"column":4},"end":{"line":16,"column":6}},"2":{"start":{"line":13,"column":25},"end":{"line":13,"column":55}},"3":{"start":{"line":21,"column":15},"end":{"line":27,"column":2}}},"fnMap":{"0":{"name":"(anonymous_0)","decl":{"start":{"line":7,"column":22},"end":{"line":7,"column":23}},"loc":{"start":{"line":7,"column":28},"end":{"line":17,"column":1}},"line":7},"1":{"name":"(anonymous_1)","decl":{"start":{"line":13,"column":19},"end":{"line":13,"column":20}},"loc":{"start":{"line":13,"column":25},"end":{"line":13,"column":55}},"line":13}},"branchMap":{},"s":{"0":3,"1":2,"2":1,"3":3},"f":{"0":2,"1":1},"b":{},"_coverageSchema":"1a1c01bbd47fc00a2c39e90264f33305004495a9","hash":"1683b68d0dc13fae44852d4cde4cd011e4f0a480"}
}
