TN:
SF:App.js
FN:17,App
FN:25,(anonymous_1)
FN:60,(anonymous_2)
FN:61,(anonymous_3)
FN:70,(anonymous_4)
FN:78,(anonymous_5)
FN:90,(anonymous_6)
FN:91,(anonymous_7)
FN:116,(anonymous_8)
FNF:9
FNH:3
FNDA:1,App
FNDA:0,(anonymous_1)
FNDA:1,(anonymous_2)
FNDA:0,(anonymous_3)
FNDA:0,(anonymous_4)
FNDA:0,(anonymous_5)
FNDA:1,(anonymous_6)
FNDA:0,(anonymous_7)
FNDA:0,(anonymous_8)
DA:15,1
DA:19,1
DA:25,1
DA:26,0
DA:28,0
DA:34,0
DA:41,0
DA:48,0
DA:57,1
DA:60,1
DA:62,0
DA:63,0
DA:65,0
DA:68,0
DA:71,0
DA:72,0
DA:74,0
DA:76,0
DA:79,0
DA:80,0
DA:82,0
DA:85,0
DA:90,1
DA:91,1
DA:93,0
DA:94,0
DA:95,0
DA:97,0
DA:99,0
DA:103,1
DA:104,1
DA:111,0
DA:116,0
DA:131,1
LF:34
LH:10
BRDA:26,0,0,0
BRDA:26,0,1,0
BRDA:26,0,2,0
BRDA:26,0,3,0
BRDA:103,1,0,1
BRDA:103,1,1,0
BRDA:115,2,0,0
BRDA:115,2,1,0
BRF:8
BRH:1
end_of_record
TN:
SF:components/context.js
FNF:0
FNH:0
DA:3,4
LF:1
LH:1
BRF:0
BRH:0
end_of_record
TN:
SF:model/assignment.js
FNF:0
FNH:0
DA:4,3
LF:1
LH:1
BRF:0
BRH:0
end_of_record
TN:
SF:screens/CameraScreen.js
FN:14,(anonymous_0)
FN:18,(anonymous_1)
FN:31,(anonymous_2)
FN:41,(anonymous_3)
FN:48,(anonymous_4)
FN:55,(anonymous_5)
FN:64,(anonymous_6)
FN:72,(anonymous_7)
FN:84,(anonymous_8)
FN:97,(anonymous_9)
FNF:10
FNH:3
FNDA:1,(anonymous_0)
FNDA:1,(anonymous_1)
FNDA:0,(anonymous_2)
FNDA:0,(anonymous_3)
FNDA:0,(anonymous_4)
FNDA:1,(anonymous_5)
FNDA:0,(anonymous_6)
FNDA:0,(anonymous_7)
FNDA:0,(anonymous_8)
FNDA:0,(anonymous_9)
DA:9,1
DA:15,1
DA:18,1
DA:20,1
DA:21,1
DA:22,0
DA:23,0
DA:27,0
DA:28,0
DA:31,1
DA:32,0
DA:34,0
DA:41,1
DA:42,0
DA:43,0
DA:48,1
DA:49,0
DA:56,1
DA:57,1
DA:58,1
DA:59,0
DA:60,0
DA:62,0
DA:64,0
DA:72,0
DA:84,0
DA:97,0
LF:27
LH:11
BRDA:20,0,0,1
BRDA:20,0,1,0
BRDA:22,1,0,0
BRDA:22,1,1,0
BRDA:35,2,0,0
BRDA:35,2,1,0
BRDA:42,3,0,0
BRDA:42,3,1,0
BRDA:57,4,0,1
BRDA:57,4,1,0
BRDA:59,5,0,0
BRDA:59,5,1,0
BRF:12
BRH:2
end_of_record
TN:
SF:screens/DrawerContent.js
FN:13,DrawerContent
FN:24,(anonymous_1)
FN:25,(anonymous_2)
FN:89,(anonymous_3)
FN:97,(anonymous_4)
FN:101,(anonymous_5)
FN:109,(anonymous_6)
FN:113,(anonymous_7)
FN:121,(anonymous_8)
FN:129,(anonymous_9)
FN:137,(anonymous_10)
FN:141,(anonymous_11)
FN:149,(anonymous_12)
FN:159,(anonymous_13)
FNF:14
FNH:0
FNDA:0,DrawerContent
FNDA:0,(anonymous_1)
FNDA:0,(anonymous_2)
FNDA:0,(anonymous_3)
FNDA:0,(anonymous_4)
FNDA:0,(anonymous_5)
FNDA:0,(anonymous_6)
FNDA:0,(anonymous_7)
FNDA:0,(anonymous_8)
FNDA:0,(anonymous_9)
FNDA:0,(anonymous_10)
FNDA:0,(anonymous_11)
FNDA:0,(anonymous_12)
FNDA:0,(anonymous_13)
DA:15,0
DA:18,0
DA:19,0
DA:20,0
DA:21,0
DA:22,0
DA:24,0
DA:25,0
DA:26,0
DA:27,0
DA:28,0
DA:36,0
DA:37,0
DA:38,0
DA:39,0
DA:40,0
DA:41,0
DA:43,0
DA:46,0
DA:49,0
DA:90,0
DA:97,0
DA:102,0
DA:109,0
DA:114,0
DA:121,0
DA:130,0
DA:137,0
DA:142,0
DA:149,0
DA:160,0
DA:175,1
LF:32
LH:1
BRDA:57,0,0,0
BRDA:57,0,1,0
BRF:2
BRH:0
end_of_record
TN:
SF:screens/HomeScreen.js
FN:8,(anonymous_0)
FNF:1
FNH:1
FNDA:2,(anonymous_0)
DA:9,2
DA:15,3
LF:2
LH:2
BRF:0
BRH:0
end_of_record
TN:
SF:screens/ListItems.js
FN:9,(anonymous_0)
FN:19,(anonymous_1)
FN:26,(anonymous_2)
FN:33,(anonymous_3)
FNF:4
FNH:2
FNDA:1,(anonymous_0)
FNDA:0,(anonymous_1)
FNDA:0,(anonymous_2)
FNDA:1,(anonymous_3)
DA:10,1
DA:11,1
DA:12,1
DA:19,1
DA:20,0
DA:26,1
DA:27,0
DA:34,1
DA:95,6
LF:9
LH:7
BRDA:38,0,0,1
BRDA:38,0,1,0
BRDA:50,1,0,1
BRDA:50,1,1,0
BRDA:64,2,0,0
BRDA:64,2,1,1
BRDA:65,3,0,0
BRDA:65,3,1,1
BRDA:70,4,0,0
BRDA:70,4,1,1
BRF:10
BRH:5
end_of_record
TN:
SF:screens/MainTabScreen.js
FN:22,HomeStackScreen
FN:34,(anonymous_1)
FN:36,(anonymous_2)
FN:44,ProfileStackScreen
FN:56,(anonymous_4)
FN:58,(anonymous_5)
FN:61,(anonymous_6)
FN:63,(anonymous_7)
FN:71,NewsStackScreen
FN:83,(anonymous_9)
FN:85,(anonymous_10)
FN:96,MainTabScreen
FN:109,(anonymous_12)
FN:119,(anonymous_13)
FN:129,(anonymous_14)
FN:139,(anonymous_15)
FN:150,(anonymous_16)
FNF:17
FNH:8
FNDA:1,HomeStackScreen
FNDA:1,(anonymous_1)
FNDA:0,(anonymous_2)
FNDA:0,ProfileStackScreen
FNDA:0,(anonymous_4)
FNDA:0,(anonymous_5)
FNDA:0,(anonymous_6)
FNDA:0,(anonymous_7)
FNDA:0,NewsStackScreen
FNDA:0,(anonymous_9)
FNDA:0,(anonymous_10)
FNDA:2,MainTabScreen
FNDA:2,(anonymous_12)
FNDA:2,(anonymous_13)
FNDA:2,(anonymous_14)
FNDA:2,(anonymous_15)
FNDA:2,(anonymous_16)
DA:18,2
DA:19,2
DA:20,2
DA:23,1
DA:35,1
DA:36,0
DA:45,0
DA:57,0
DA:58,0
DA:62,0
DA:63,0
DA:72,0
DA:84,0
DA:85,0
DA:94,2
DA:97,2
DA:110,2
DA:120,2
DA:130,2
DA:140,2
DA:151,2
LF:21
LH:12
BRF:0
BRH:0
end_of_record
TN:
SF:screens/MapScreen.js
FN:13,(anonymous_0)
FN:25,(anonymous_1)
FN:44,(anonymous_2)
FN:61,(anonymous_3)
FN:78,(anonymous_4)
FNF:5
FNH:4
FNDA:1,(anonymous_0)
FNDA:1,(anonymous_1)
FNDA:1,(anonymous_2)
FNDA:1,(anonymous_3)
FNDA:0,(anonymous_4)
DA:14,1
DA:16,1
DA:21,1
DA:22,1
DA:25,1
DA:26,1
DA:27,0
DA:28,0
DA:31,0
DA:32,0
DA:39,0
DA:44,1
DA:45,1
DA:47,1
DA:48,1
DA:51,1
DA:52,0
DA:53,0
DA:55,0
DA:62,1
DA:64,1
DA:65,7
DA:78,0
DA:92,1
DA:112,3
LF:25
LH:16
BRDA:27,0,0,0
BRDA:27,0,1,0
BRF:2
BRH:0
end_of_record
TN:
SF:screens/NewsScreen.js
FN:8,(anonymous_0)
FNF:1
FNH:1
FNDA:1,(anonymous_0)
DA:9,1
DA:15,3
LF:2
LH:2
BRF:0
BRH:0
end_of_record
TN:
SF:screens/PostScreen.js
FN:7,getPosts
FN:22,(anonymous_1)
FN:31,(anonymous_2)
FN:33,(anonymous_3)
FN:38,(anonymous_4)
FN:43,(anonymous_5)
FN:53,(anonymous_6)
FNF:7
FNH:5
FNDA:4,getPosts
FNDA:4,(anonymous_1)
FNDA:4,(anonymous_2)
FNDA:0,(anonymous_3)
FNDA:4,(anonymous_4)
FNDA:4,(anonymous_5)
FNDA:0,(anonymous_6)
DA:8,4
DA:9,4
DA:10,4
DA:11,0
DA:13,0
DA:16,4
DA:23,4
DA:25,4
DA:33,4
DA:34,0
DA:39,4
DA:45,4
DA:54,0
DA:58,4
DA:70,5
LF:15
LH:11
BRDA:45,0,0,4
BRDA:45,0,1,0
BRF:2
BRH:1
end_of_record
TN:
SF:screens/ProfileScreen.js
FN:7,ProfileScreen
FN:15,(anonymous_1)
FN:16,(anonymous_2)
FNF:3
FNH:3
FNDA:1,ProfileScreen
FNDA:1,(anonymous_1)
FNDA:1,(anonymous_2)
DA:8,1
DA:9,1
DA:10,1
DA:11,1
DA:12,1
DA:13,1
DA:15,1
DA:16,1
DA:17,1
DA:18,1
DA:19,1
DA:27,1
DA:29,0
DA:30,0
DA:31,0
DA:32,0
DA:33,0
DA:34,0
DA:37,1
DA:40,1
DA:43,1
DA:89,3
LF:22
LH:16
BRDA:48,0,0,1
BRDA:48,0,1,0
BRF:2
BRH:1
end_of_record
TN:
SF:screens/RootStackScreen.js
FN:14,(anonymous_0)
FNF:1
FNH:1
FNDA:1,(anonymous_0)
DA:12,2
DA:14,2
DA:15,1
LF:3
LH:3
BRF:0
BRH:0
end_of_record
TN:
SF:screens/SettingsScreen.js
FN:6,(anonymous_0)
FN:12,(anonymous_1)
FNF:2
FNH:2
FNDA:2,(anonymous_0)
FNDA:1,(anonymous_1)
DA:6,3
DA:7,2
DA:12,1
DA:20,3
LF:4
LH:4
BRF:0
BRH:0
end_of_record
TN:
SF:screens/SignInScreen.js
FN:12,(anonymous_0)
FN:26,(anonymous_1)
FN:45,(anonymous_2)
FN:63,(anonymous_3)
FN:71,(anonymous_4)
FN:155,(anonymous_5)
FN:190,(anonymous_6)
FN:218,(anonymous_7)
FN:228,(anonymous_8)
FN:242,(anonymous_9)
FNF:10
FNH:1
FNDA:1,(anonymous_0)
FNDA:0,(anonymous_1)
FNDA:0,(anonymous_2)
FNDA:0,(anonymous_3)
FNDA:0,(anonymous_4)
FNDA:0,(anonymous_5)
FNDA:0,(anonymous_6)
FNDA:0,(anonymous_7)
FNDA:0,(anonymous_8)
FNDA:0,(anonymous_9)
DA:10,3
DA:12,3
DA:14,1
DA:23,1
DA:26,0
DA:27,0
DA:28,0
DA:35,0
DA:45,0
DA:46,0
DA:47,0
DA:53,0
DA:63,0
DA:64,0
DA:71,0
DA:74,0
DA:75,0
DA:78,0
DA:80,0
DA:81,0
DA:92,0
DA:93,0
DA:95,0
DA:98,0
DA:99,0
DA:110,0
DA:112,0
DA:113,0
DA:116,0
DA:117,0
DA:120,0
DA:123,0
DA:127,0
DA:155,0
DA:190,0
DA:218,0
DA:228,0
DA:242,0
DA:294,3
LF:39
LH:5
BRDA:27,0,0,0
BRDA:27,0,1,0
BRDA:46,1,0,0
BRDA:46,1,1,0
BRDA:74,2,0,0
BRDA:74,2,1,0
BRDA:74,3,0,0
BRDA:74,3,1,0
BRDA:112,4,0,0
BRDA:112,4,1,0
BRDA:116,5,0,0
BRDA:116,5,1,0
BRDA:157,6,0,0
BRDA:157,6,1,0
BRDA:170,7,0,0
BRDA:170,7,1,0
BRDA:187,8,0,0
BRDA:187,8,1,0
BRDA:195,9,0,0
BRDA:195,9,1,0
BRDA:211,10,0,0
BRDA:211,10,1,0
BRDA:338,11,0,3
BRDA:338,11,1,0
BRF:24
BRH:1
end_of_record
TN:
SF:screens/SignUpScreen.js
FN:23,(anonymous_0)
FN:41,(anonymous_1)
FN:43,(anonymous_2)
FN:65,(anonymous_3)
FN:83,(anonymous_4)
FN:99,(anonymous_5)
FN:115,(anonymous_6)
FN:122,(anonymous_7)
FN:129,(anonymous_8)
FN:136,(anonymous_9)
FN:224,(anonymous_10)
FN:251,(anonymous_11)
FN:285,(anonymous_12)
FN:327,(anonymous_13)
FN:351,(anonymous_14)
FN:365,(anonymous_15)
FNF:16
FNH:1
FNDA:1,(anonymous_0)
FNDA:0,(anonymous_1)
FNDA:0,(anonymous_2)
FNDA:0,(anonymous_3)
FNDA:0,(anonymous_4)
FNDA:0,(anonymous_5)
FNDA:0,(anonymous_6)
FNDA:0,(anonymous_7)
FNDA:0,(anonymous_8)
FNDA:0,(anonymous_9)
FNDA:0,(anonymous_10)
FNDA:0,(anonymous_11)
FNDA:0,(anonymous_12)
FNDA:0,(anonymous_13)
FNDA:0,(anonymous_14)
FNDA:0,(anonymous_15)
DA:21,3
DA:23,3
DA:25,1
DA:26,1
DA:27,1
DA:39,1
DA:41,0
DA:43,0
DA:44,0
DA:45,0
DA:56,0
DA:57,0
DA:59,0
DA:62,0
DA:65,0
DA:66,0
DA:67,0
DA:74,0
DA:83,0
DA:84,0
DA:85,0
DA:91,0
DA:99,0
DA:100,0
DA:101,0
DA:107,0
DA:115,0
DA:116,0
DA:122,0
DA:123,0
DA:129,0
DA:130,0
DA:136,0
DA:137,0
DA:138,0
DA:141,0
DA:145,0
DA:146,0
DA:154,0
DA:155,0
DA:157,0
DA:160,0
DA:161,0
DA:164,0
DA:166,0
DA:167,0
DA:180,0
DA:183,0
DA:194,0
DA:195,0
DA:196,0
DA:201,0
DA:224,0
DA:251,0
DA:285,0
DA:327,0
DA:351,0
DA:365,0
DA:416,3
LF:59
LH:7
BRDA:66,0,0,0
BRDA:66,0,1,0
BRDA:84,1,0,0
BRDA:84,1,1,0
BRDA:100,2,0,0
BRDA:100,2,1,0
BRDA:137,3,0,0
BRDA:137,3,1,0
BRDA:160,4,0,0
BRDA:160,4,1,0
BRDA:226,5,0,0
BRDA:226,5,1,0
BRDA:253,6,0,0
BRDA:253,6,1,0
BRDA:266,7,0,0
BRDA:266,7,1,0
BRDA:282,8,0,0
BRDA:282,8,1,0
BRDA:290,9,0,0
BRDA:290,9,1,0
BRDA:306,10,0,0
BRDA:306,10,1,0
BRDA:324,11,0,0
BRDA:324,11,1,0
BRDA:332,12,0,0
BRDA:332,12,1,0
BRDA:460,13,0,3
BRDA:460,13,1,0
BRF:28
BRH:1
end_of_record
TN:
SF:screens/SplashScreen.js
FN:15,(anonymous_0)
FN:34,(anonymous_1)
FNF:2
FNH:2
FNDA:3,(anonymous_0)
FNDA:1,(anonymous_1)
DA:15,4
DA:16,3
DA:34,1
DA:55,4
DA:56,4
DA:58,4
LF:6
LH:6
BRF:0
BRH:0
end_of_record
TN:
SF:screens/SupportScreen.js
FN:7,(anonymous_0)
FN:13,(anonymous_1)
FNF:2
FNH:2
FNDA:2,(anonymous_0)
FNDA:1,(anonymous_1)
DA:7,3
DA:8,2
DA:13,1
DA:21,3
LF:4
LH:4
BRF:0
BRH:0
end_of_record
